  [1m[36m (14.0ms)[0m  [1mCREATE TABLE "schema_migrations" ("version" varchar NOT NULL) [0m
  [1m[35m (0.3ms)[0m  select sqlite_version(*)
  [1m[36m (26.5ms)[0m  [1mCREATE UNIQUE INDEX "unique_schema_migrations" ON "schema_migrations" ("version")[0m
  [1m[35mActiveRecord::SchemaMigration Load (5.9ms)[0m  SELECT "schema_migrations".* FROM "schema_migrations"
Migrating to CreateUsers (20171005183727)
  [1m[36m (0.1ms)[0m  [1mbegin transaction[0m
  [1m[35m (6.0ms)[0m  CREATE TABLE "users" ("id" INTEGER PRIMARY KEY AUTOINCREMENT NOT NULL, "firstname" varchar, "lastname" varchar, "created_at" datetime NOT NULL, "updated_at" datetime NOT NULL) 
  [1m[36mSQL (1.2ms)[0m  [1mINSERT INTO "schema_migrations" ("version") VALUES (?)[0m  [["version", "20171005183727"]]
  [1m[35m (9.1ms)[0m  commit transaction
Migrating to CreateBlogs (20171005183804)
  [1m[36m (0.1ms)[0m  [1mbegin transaction[0m
  [1m[35m (11.8ms)[0m  CREATE TABLE "blogs" ("id" INTEGER PRIMARY KEY AUTOINCREMENT NOT NULL, "name" varchar, "desc" text, "created_at" datetime NOT NULL, "updated_at" datetime NOT NULL) 
  [1m[36mSQL (1.1ms)[0m  [1mINSERT INTO "schema_migrations" ("version") VALUES (?)[0m  [["version", "20171005183804"]]
  [1m[35m (10.7ms)[0m  commit transaction
Migrating to CreatePosts (20171005183912)
  [1m[36m (0.2ms)[0m  [1mbegin transaction[0m
  [1m[35m (12.6ms)[0m  CREATE TABLE "posts" ("id" INTEGER PRIMARY KEY AUTOINCREMENT NOT NULL, "title" varchar, "content" text, "blog_id" integer, "user_id" integer, "created_at" datetime NOT NULL, "updated_at" datetime NOT NULL) 
  [1m[36m (0.2ms)[0m  [1mCREATE  INDEX "index_posts_on_blog_id" ON "posts" ("blog_id")[0m
  [1m[35m (0.4ms)[0m              SELECT sql
            FROM sqlite_master
            WHERE name='index_posts_on_blog_id' AND type='index'
            UNION ALL
            SELECT sql
            FROM sqlite_temp_master
            WHERE name='index_posts_on_blog_id' AND type='index'

  [1m[36m (0.5ms)[0m  [1mCREATE  INDEX "index_posts_on_user_id" ON "posts" ("user_id")[0m
  [1m[35mSQL (1.3ms)[0m  INSERT INTO "schema_migrations" ("version") VALUES (?)  [["version", "20171005183912"]]
  [1m[36m (9.0ms)[0m  [1mcommit transaction[0m
Migrating to CreateMessages (20171005184000)
  [1m[35m (0.2ms)[0m  begin transaction
  [1m[36m (12.1ms)[0m  [1mCREATE TABLE "messages" ("id" INTEGER PRIMARY KEY AUTOINCREMENT NOT NULL, "author" varchar, "message" varchar, "user_id" integer, "post_id" integer, "created_at" datetime NOT NULL, "updated_at" datetime NOT NULL) [0m
  [1m[35m (0.4ms)[0m  CREATE  INDEX "index_messages_on_user_id" ON "messages" ("user_id")
  [1m[36m (0.2ms)[0m  [1m            SELECT sql
            FROM sqlite_master
            WHERE name='index_messages_on_user_id' AND type='index'
            UNION ALL
            SELECT sql
            FROM sqlite_temp_master
            WHERE name='index_messages_on_user_id' AND type='index'
[0m
  [1m[35m (0.8ms)[0m  CREATE  INDEX "index_messages_on_post_id" ON "messages" ("post_id")
  [1m[36mSQL (1.7ms)[0m  [1mINSERT INTO "schema_migrations" ("version") VALUES (?)[0m  [["version", "20171005184000"]]
  [1m[35m (11.2ms)[0m  commit transaction
Migrating to CreateOwnerships (20171005184032)
  [1m[36m (0.3ms)[0m  [1mbegin transaction[0m
  [1m[35m (22.5ms)[0m  CREATE TABLE "ownerships" ("id" INTEGER PRIMARY KEY AUTOINCREMENT NOT NULL, "user_id" integer, "blog_id" integer, "created_at" datetime NOT NULL, "updated_at" datetime NOT NULL) 
  [1m[36m (2.3ms)[0m  [1mCREATE  INDEX "index_ownerships_on_user_id" ON "ownerships" ("user_id")[0m
  [1m[35m (0.2ms)[0m              SELECT sql
            FROM sqlite_master
            WHERE name='index_ownerships_on_user_id' AND type='index'
            UNION ALL
            SELECT sql
            FROM sqlite_temp_master
            WHERE name='index_ownerships_on_user_id' AND type='index'

  [1m[36m (0.6ms)[0m  [1mCREATE  INDEX "index_ownerships_on_blog_id" ON "ownerships" ("blog_id")[0m
  [1m[35mSQL (1.8ms)[0m  INSERT INTO "schema_migrations" ("version") VALUES (?)  [["version", "20171005184032"]]
  [1m[36m (10.8ms)[0m  [1mcommit transaction[0m
  [1m[35mActiveRecord::SchemaMigration Load (1.7ms)[0m  SELECT "schema_migrations".* FROM "schema_migrations"
  [1m[36m (1.4ms)[0m  [1m            SELECT sql
            FROM sqlite_master
            WHERE name='index_messages_on_post_id' AND type='index'
            UNION ALL
            SELECT sql
            FROM sqlite_temp_master
            WHERE name='index_messages_on_post_id' AND type='index'
[0m
  [1m[35m (1.4ms)[0m              SELECT sql
            FROM sqlite_master
            WHERE name='index_messages_on_user_id' AND type='index'
            UNION ALL
            SELECT sql
            FROM sqlite_temp_master
            WHERE name='index_messages_on_user_id' AND type='index'

  [1m[36m (1.4ms)[0m  [1m            SELECT sql
            FROM sqlite_master
            WHERE name='index_ownerships_on_blog_id' AND type='index'
            UNION ALL
            SELECT sql
            FROM sqlite_temp_master
            WHERE name='index_ownerships_on_blog_id' AND type='index'
[0m
  [1m[35m (1.4ms)[0m              SELECT sql
            FROM sqlite_master
            WHERE name='index_ownerships_on_user_id' AND type='index'
            UNION ALL
            SELECT sql
            FROM sqlite_temp_master
            WHERE name='index_ownerships_on_user_id' AND type='index'

  [1m[36m (2.1ms)[0m  [1m            SELECT sql
            FROM sqlite_master
            WHERE name='index_posts_on_user_id' AND type='index'
            UNION ALL
            SELECT sql
            FROM sqlite_temp_master
            WHERE name='index_posts_on_user_id' AND type='index'
[0m
  [1m[35m (2.0ms)[0m              SELECT sql
            FROM sqlite_master
            WHERE name='index_posts_on_blog_id' AND type='index'
            UNION ALL
            SELECT sql
            FROM sqlite_temp_master
            WHERE name='index_posts_on_blog_id' AND type='index'

  [1m[36m (0.2ms)[0m  [1mbegin transaction[0m
  [1m[35mSQL (10.0ms)[0m  INSERT INTO "users" ("firstname", "lastname", "created_at", "updated_at") VALUES (?, ?, ?, ?)  [["firstname", "Katherine"], ["lastname", "Neville"], ["created_at", "2017-10-05 19:01:47.578714"], ["updated_at", "2017-10-05 19:01:47.578714"]]
  [1m[36m (12.2ms)[0m  [1mcommit transaction[0m
  [1m[35m (0.1ms)[0m  begin transaction
  [1m[36mSQL (18.3ms)[0m  [1mINSERT INTO "users" ("firstname", "lastname", "created_at", "updated_at") VALUES (?, ?, ?, ?)[0m  [["firstname", "Daniel"], ["lastname", "Neville"], ["created_at", "2017-10-05 19:02:45.729976"], ["updated_at", "2017-10-05 19:02:45.729976"]]
  [1m[35m (12.7ms)[0m  commit transaction
  [1m[36m (0.1ms)[0m  [1mbegin transaction[0m
  [1m[35mSQL (15.7ms)[0m  INSERT INTO "users" ("firstname", "lastname", "created_at", "updated_at") VALUES (?, ?, ?, ?)  [["firstname", "Sarah Violet"], ["lastname", "Neville"], ["created_at", "2017-10-05 19:02:55.297428"], ["updated_at", "2017-10-05 19:02:55.297428"]]
  [1m[36m (13.6ms)[0m  [1mcommit transaction[0m
  [1m[35m (0.2ms)[0m  begin transaction
  [1m[36mSQL (14.6ms)[0m  [1mINSERT INTO "users" ("firstname", "lastname", "created_at", "updated_at") VALUES (?, ?, ?, ?)[0m  [["firstname", "Robbie"], ["lastname", "Chastain"], ["created_at", "2017-10-05 19:04:46.480118"], ["updated_at", "2017-10-05 19:04:46.480118"]]
  [1m[35m (12.2ms)[0m  commit transaction
  [1m[36m (0.2ms)[0m  [1mbegin transaction[0m
  [1m[35mSQL (14.5ms)[0m  INSERT INTO "users" ("firstname", "lastname", "created_at", "updated_at") VALUES (?, ?, ?, ?)  [["firstname", "Alyssa"], ["lastname", "McKee"], ["created_at", "2017-10-05 19:05:00.657172"], ["updated_at", "2017-10-05 19:05:00.657172"]]
  [1m[36m (13.1ms)[0m  [1mcommit transaction[0m
  [1m[35m (0.2ms)[0m  begin transaction
  [1m[36mSQL (18.3ms)[0m  [1mINSERT INTO "users" ("firstname", "lastname", "created_at", "updated_at") VALUES (?, ?, ?, ?)[0m  [["firstname", "Allen"], ["lastname", "Cannon"], ["created_at", "2017-10-05 19:05:11.278462"], ["updated_at", "2017-10-05 19:05:11.278462"]]
  [1m[35m (13.0ms)[0m  commit transaction
  [1m[36mUser Load (20.5ms)[0m  [1mSELECT "users".* FROM "users"[0m
  [1m[35m (0.2ms)[0m  begin transaction
  [1m[36mSQL (9.9ms)[0m  [1mINSERT INTO "blogs" ("name", "desc", "created_at", "updated_at") VALUES (?, ?, ?, ?)[0m  [["name", "Rabbits"], ["desc", "All About Rabbits"], ["created_at", "2017-10-05 19:21:46.582598"], ["updated_at", "2017-10-05 19:21:46.582598"]]
  [1m[35m (25.2ms)[0m  commit transaction
  [1m[36m (0.1ms)[0m  [1mbegin transaction[0m
  [1m[35mSQL (15.0ms)[0m  INSERT INTO "blogs" ("name", "desc", "created_at", "updated_at") VALUES (?, ?, ?, ?)  [["name", "Elephants"], ["desc", "All About Elephants"], ["created_at", "2017-10-05 19:25:05.114909"], ["updated_at", "2017-10-05 19:25:05.114909"]]
  [1m[36m (12.4ms)[0m  [1mcommit transaction[0m
  [1m[35m (0.2ms)[0m  begin transaction
  [1m[36mSQL (16.4ms)[0m  [1mINSERT INTO "blogs" ("name", "desc", "created_at", "updated_at") VALUES (?, ?, ?, ?)[0m  [["name", "Giraffes"], ["desc", "All About Giraffes"], ["created_at", "2017-10-05 19:25:18.547518"], ["updated_at", "2017-10-05 19:25:18.547518"]]
  [1m[35m (13.3ms)[0m  commit transaction
  [1m[36m (0.2ms)[0m  [1mbegin transaction[0m
  [1m[35mSQL (16.8ms)[0m  INSERT INTO "blogs" ("name", "desc", "created_at", "updated_at") VALUES (?, ?, ?, ?)  [["name", "Cats"], ["desc", "All About Cats"], ["created_at", "2017-10-05 19:25:29.099170"], ["updated_at", "2017-10-05 19:25:29.099170"]]
  [1m[36m (14.7ms)[0m  [1mcommit transaction[0m
  [1m[35m (0.2ms)[0m  begin transaction
  [1m[36mSQL (23.6ms)[0m  [1mINSERT INTO "blogs" ("name", "desc", "created_at", "updated_at") VALUES (?, ?, ?, ?)[0m  [["name", "Whales"], ["desc", "All About Whales"], ["created_at", "2017-10-05 19:25:40.882892"], ["updated_at", "2017-10-05 19:25:40.882892"]]
  [1m[35m (23.9ms)[0m  commit transaction
  [1m[36m (0.3ms)[0m  [1mbegin transaction[0m
  [1m[35mSQL (22.0ms)[0m  INSERT INTO "blogs" ("name", "desc", "created_at", "updated_at") VALUES (?, ?, ?, ?)  [["name", "Primates"], ["desc", "All About Primates"], ["created_at", "2017-10-05 19:25:54.045009"], ["updated_at", "2017-10-05 19:25:54.045009"]]
  [1m[36m (14.3ms)[0m  [1mcommit transaction[0m
  [1m[35mBlog Load (12.3ms)[0m  SELECT "blogs".* FROM "blogs"
  [1m[36mUser Load (3.5ms)[0m  [1mSELECT  "users".* FROM "users" WHERE "users"."id" = ? LIMIT 1[0m  [["id", 1]]
  [1m[35mUser Load (2.5ms)[0m  SELECT  "users".* FROM "users"  ORDER BY "users"."id" ASC LIMIT 1
  [1m[36mBlog Load (2.8ms)[0m  [1mSELECT  "blogs".* FROM "blogs"  ORDER BY "blogs"."id" ASC LIMIT 1[0m
  [1m[35m (0.4ms)[0m  begin transaction
  [1m[36mSQL (18.2ms)[0m  [1mINSERT INTO "ownerships" ("user_id", "blog_id", "created_at", "updated_at") VALUES (?, ?, ?, ?)[0m  [["user_id", 1], ["blog_id", 1], ["created_at", "2017-10-05 19:28:56.897992"], ["updated_at", "2017-10-05 19:28:56.897992"]]
  [1m[35m (16.6ms)[0m  commit transaction
  [1m[36mBlog Load (11.2ms)[0m  [1mSELECT  "blogs".* FROM "blogs"  ORDER BY "blogs"."id" ASC LIMIT 1 OFFSET 1[0m
  [1m[35m (0.1ms)[0m  begin transaction
  [1m[36mSQL (9.6ms)[0m  [1mINSERT INTO "ownerships" ("user_id", "blog_id", "created_at", "updated_at") VALUES (?, ?, ?, ?)[0m  [["user_id", 1], ["blog_id", 2], ["created_at", "2017-10-05 19:29:23.864569"], ["updated_at", "2017-10-05 19:29:23.864569"]]
  [1m[35m (10.1ms)[0m  commit transaction
  [1m[36mBlog Load (9.4ms)[0m  [1mSELECT  "blogs".* FROM "blogs"  ORDER BY "blogs"."id" ASC LIMIT 1 OFFSET 2[0m
  [1m[35m (0.1ms)[0m  begin transaction
  [1m[36mSQL (10.7ms)[0m  [1mINSERT INTO "ownerships" ("user_id", "blog_id", "created_at", "updated_at") VALUES (?, ?, ?, ?)[0m  [["user_id", 1], ["blog_id", 3], ["created_at", "2017-10-05 19:29:33.680346"], ["updated_at", "2017-10-05 19:29:33.680346"]]
  [1m[35m (24.8ms)[0m  commit transaction
  [1m[36mOwnership Load (7.7ms)[0m  [1mSELECT "ownerships".* FROM "ownerships" WHERE "ownerships"."user_id" = ?[0m  [["user_id", 1]]
  [1m[35mBlog Load (3.7ms)[0m  SELECT  "blogs".* FROM "blogs"  ORDER BY "blogs"."id" ASC LIMIT 1 OFFSET 1
  [1m[36mOwnership Load (3.5ms)[0m  [1mSELECT "ownerships".* FROM "ownerships" WHERE "ownerships"."blog_id" = ?[0m  [["blog_id", 2]]
  [1m[35mUser Load (2.7ms)[0m  SELECT "users".* FROM "users" INNER JOIN "ownerships" ON "users"."id" = "ownerships"."user_id" WHERE "ownerships"."blog_id" = ?  [["blog_id", 2]]
  [1m[36mUser Load (3.1ms)[0m  [1mSELECT  "users".* FROM "users"  ORDER BY "users"."id" ASC LIMIT 1[0m
  [1m[35mBlog Load (2.9ms)[0m  SELECT "blogs".* FROM "blogs" INNER JOIN "ownerships" ON "blogs"."id" = "ownerships"."blog_id" WHERE "ownerships"."user_id" = ?  [["user_id", 1]]
  [1m[36mActiveRecord::SchemaMigration Load (3.0ms)[0m  [1mSELECT "schema_migrations".* FROM "schema_migrations"[0m
Migrating to CreateFriendships (20171005194709)
  [1m[35m (0.1ms)[0m  begin transaction
  [1m[36m (8.8ms)[0m  [1mCREATE TABLE "friendships" ("id" INTEGER PRIMARY KEY AUTOINCREMENT NOT NULL, "friender_id" integer, "friendee_id" integer, "created_at" datetime NOT NULL, "updated_at" datetime NOT NULL) [0m
  [1m[35m (0.1ms)[0m  select sqlite_version(*)
  [1m[36m (0.2ms)[0m  [1mCREATE  INDEX "index_friendships_on_friender_id" ON "friendships" ("friender_id")[0m
  [1m[35m (0.1ms)[0m              SELECT sql
            FROM sqlite_master
            WHERE name='index_friendships_on_friender_id' AND type='index'
            UNION ALL
            SELECT sql
            FROM sqlite_temp_master
            WHERE name='index_friendships_on_friender_id' AND type='index'

  [1m[36m (0.9ms)[0m  [1mCREATE  INDEX "index_friendships_on_friendee_id" ON "friendships" ("friendee_id")[0m
  [1m[35mSQL (1.1ms)[0m  INSERT INTO "schema_migrations" ("version") VALUES (?)  [["version", "20171005194709"]]
  [1m[36m (35.7ms)[0m  [1mcommit transaction[0m
  [1m[35mActiveRecord::SchemaMigration Load (5.6ms)[0m  SELECT "schema_migrations".* FROM "schema_migrations"
  [1m[36m (3.3ms)[0m  [1m            SELECT sql
            FROM sqlite_master
            WHERE name='index_friendships_on_friendee_id' AND type='index'
            UNION ALL
            SELECT sql
            FROM sqlite_temp_master
            WHERE name='index_friendships_on_friendee_id' AND type='index'
[0m
  [1m[35m (3.0ms)[0m              SELECT sql
            FROM sqlite_master
            WHERE name='index_friendships_on_friender_id' AND type='index'
            UNION ALL
            SELECT sql
            FROM sqlite_temp_master
            WHERE name='index_friendships_on_friender_id' AND type='index'

  [1m[36m (2.9ms)[0m  [1m            SELECT sql
            FROM sqlite_master
            WHERE name='index_messages_on_post_id' AND type='index'
            UNION ALL
            SELECT sql
            FROM sqlite_temp_master
            WHERE name='index_messages_on_post_id' AND type='index'
[0m
  [1m[35m (3.3ms)[0m              SELECT sql
            FROM sqlite_master
            WHERE name='index_messages_on_user_id' AND type='index'
            UNION ALL
            SELECT sql
            FROM sqlite_temp_master
            WHERE name='index_messages_on_user_id' AND type='index'

  [1m[36m (2.7ms)[0m  [1m            SELECT sql
            FROM sqlite_master
            WHERE name='index_ownerships_on_blog_id' AND type='index'
            UNION ALL
            SELECT sql
            FROM sqlite_temp_master
            WHERE name='index_ownerships_on_blog_id' AND type='index'
[0m
  [1m[35m (2.8ms)[0m              SELECT sql
            FROM sqlite_master
            WHERE name='index_ownerships_on_user_id' AND type='index'
            UNION ALL
            SELECT sql
            FROM sqlite_temp_master
            WHERE name='index_ownerships_on_user_id' AND type='index'

  [1m[36m (2.6ms)[0m  [1m            SELECT sql
            FROM sqlite_master
            WHERE name='index_posts_on_user_id' AND type='index'
            UNION ALL
            SELECT sql
            FROM sqlite_temp_master
            WHERE name='index_posts_on_user_id' AND type='index'
[0m
  [1m[35m (2.7ms)[0m              SELECT sql
            FROM sqlite_master
            WHERE name='index_posts_on_blog_id' AND type='index'
            UNION ALL
            SELECT sql
            FROM sqlite_temp_master
            WHERE name='index_posts_on_blog_id' AND type='index'

  [1m[36mUser Load (2.0ms)[0m  [1mSELECT  "users".* FROM "users"  ORDER BY "users"."id" ASC LIMIT 1[0m
  [1m[35mUser Load (3.9ms)[0m  SELECT  "users".* FROM "users"  ORDER BY "users"."id" ASC LIMIT 1 OFFSET 1
  [1m[36m (0.2ms)[0m  [1mbegin transaction[0m
  [1m[35mSQL (12.1ms)[0m  INSERT INTO "friendships" ("friender_id", "friendee_id", "created_at", "updated_at") VALUES (?, ?, ?, ?)  [["friender_id", 1], ["friendee_id", 2], ["created_at", "2017-10-05 20:10:18.465773"], ["updated_at", "2017-10-05 20:10:18.465773"]]
  [1m[36m (15.7ms)[0m  [1mcommit transaction[0m
  [1m[35mUser Load (12.9ms)[0m  SELECT  "users".* FROM "users"  ORDER BY "users"."id" ASC LIMIT 1 OFFSET 2
  [1m[36m (0.6ms)[0m  [1mbegin transaction[0m
  [1m[35mSQL (26.1ms)[0m  INSERT INTO "friendships" ("friender_id", "friendee_id", "created_at", "updated_at") VALUES (?, ?, ?, ?)  [["friender_id", 1], ["friendee_id", 3], ["created_at", "2017-10-05 20:10:34.297379"], ["updated_at", "2017-10-05 20:10:34.297379"]]
  [1m[36m (16.6ms)[0m  [1mcommit transaction[0m
  [1m[35mUser Load (7.3ms)[0m  SELECT  "users".* FROM "users"  ORDER BY "users"."id" ASC LIMIT 1 OFFSET 3
  [1m[36m (0.1ms)[0m  [1mbegin transaction[0m
  [1m[35mSQL (10.8ms)[0m  INSERT INTO "friendships" ("friender_id", "friendee_id", "created_at", "updated_at") VALUES (?, ?, ?, ?)  [["friender_id", 1], ["friendee_id", 4], ["created_at", "2017-10-05 20:10:45.765161"], ["updated_at", "2017-10-05 20:10:45.765161"]]
  [1m[36m (10.5ms)[0m  [1mcommit transaction[0m
  [1m[35mUser Load (9.0ms)[0m  SELECT  "users".* FROM "users"  ORDER BY "users"."id" ASC LIMIT 1 OFFSET 1
  [1m[36m (0.2ms)[0m  [1mbegin transaction[0m
  [1m[35mSQL (27.4ms)[0m  INSERT INTO "friendships" ("friender_id", "friendee_id", "created_at", "updated_at") VALUES (?, ?, ?, ?)  [["friender_id", 2], ["friendee_id", 4], ["created_at", "2017-10-05 20:11:07.950080"], ["updated_at", "2017-10-05 20:11:07.950080"]]
  [1m[36m (23.2ms)[0m  [1mcommit transaction[0m
  [1m[35mUser Load (8.6ms)[0m  SELECT  "users".* FROM "users"  ORDER BY "users"."id" ASC LIMIT 1 OFFSET 3
  [1m[36m (0.1ms)[0m  [1mbegin transaction[0m
  [1m[35mSQL (13.5ms)[0m  INSERT INTO "friendships" ("friender_id", "friendee_id", "created_at", "updated_at") VALUES (?, ?, ?, ?)  [["friender_id", 4], ["friendee_id", 4], ["created_at", "2017-10-05 20:11:21.605797"], ["updated_at", "2017-10-05 20:11:21.605797"]]
  [1m[36m (16.1ms)[0m  [1mcommit transaction[0m
  [1m[35mUser Load (14.1ms)[0m  SELECT "users".* FROM "users" INNER JOIN "friendships" ON "users"."id" = "friendships"."friendee_id" WHERE "friendships"."friender_id" = ?  [["friender_id", 4]]
  [1m[36mUser Load (2.2ms)[0m  [1mSELECT  "users".* FROM "users"  ORDER BY "users"."id" ASC LIMIT 1 OFFSET 1[0m
  [1m[35mUser Load (3.8ms)[0m  SELECT "users".* FROM "users" INNER JOIN "friendships" ON "users"."id" = "friendships"."friender_id" WHERE "friendships"."friendee_id" = ?  [["friendee_id", 2]]
  [1m[36mBlog Load (2.4ms)[0m  [1mSELECT  "blogs".* FROM "blogs"  ORDER BY "blogs"."id" ASC LIMIT 1 OFFSET 3[0m
  [1m[35mUser Load (5.3ms)[0m  SELECT  "users".* FROM "users"  ORDER BY "users"."id" ASC LIMIT 1 OFFSET 1
  [1m[36m (0.1ms)[0m  [1mbegin transaction[0m
  [1m[35mSQL (6.8ms)[0m  INSERT INTO "ownerships" ("user_id", "blog_id", "created_at", "updated_at") VALUES (?, ?, ?, ?)  [["user_id", 2], ["blog_id", 4], ["created_at", "2017-10-05 20:31:16.008991"], ["updated_at", "2017-10-05 20:31:16.008991"]]
  [1m[36m (9.6ms)[0m  [1mcommit transaction[0m
  [1m[35mBlog Load (8.4ms)[0m  SELECT  "blogs".* FROM "blogs"  ORDER BY "blogs"."id" ASC LIMIT 1 OFFSET 4
  [1m[36mUser Load (1.6ms)[0m  [1mSELECT  "users".* FROM "users" WHERE "users"."id" = ? LIMIT 1[0m  [["id", 6]]
  [1m[35m (0.2ms)[0m  begin transaction
  [1m[36mSQL (28.4ms)[0m  [1mINSERT INTO "ownerships" ("user_id", "blog_id", "created_at", "updated_at") VALUES (?, ?, ?, ?)[0m  [["user_id", 6], ["blog_id", 5], ["created_at", "2017-10-05 20:32:22.363317"], ["updated_at", "2017-10-05 20:32:22.363317"]]
  [1m[35m (13.9ms)[0m  commit transaction
  [1m[36mUser Load (10.2ms)[0m  [1mSELECT  "users".* FROM "users"  ORDER BY "users"."id" ASC LIMIT 1 OFFSET 2[0m
  [1m[35mBlog Load (2.9ms)[0m  SELECT  "blogs".* FROM "blogs"  ORDER BY "blogs"."id" ASC LIMIT 1
  [1m[36m (0.1ms)[0m  [1mbegin transaction[0m
  [1m[35mSQL (9.2ms)[0m  INSERT INTO "ownerships" ("user_id", "blog_id", "created_at", "updated_at") VALUES (?, ?, ?, ?)  [["user_id", 3], ["blog_id", 1], ["created_at", "2017-10-05 20:32:56.317565"], ["updated_at", "2017-10-05 20:32:56.317565"]]
  [1m[36m (8.9ms)[0m  [1mcommit transaction[0m
  [1m[35mBlog Load (10.8ms)[0m  SELECT  "blogs".* FROM "blogs"  ORDER BY "blogs"."id" ASC LIMIT 1 OFFSET 1
  [1m[36m (0.1ms)[0m  [1mbegin transaction[0m
  [1m[35mSQL (10.2ms)[0m  INSERT INTO "ownerships" ("user_id", "blog_id", "created_at", "updated_at") VALUES (?, ?, ?, ?)  [["user_id", 3], ["blog_id", 2], ["created_at", "2017-10-05 20:33:06.127138"], ["updated_at", "2017-10-05 20:33:06.127138"]]
  [1m[36m (10.1ms)[0m  [1mcommit transaction[0m
  [1m[35mBlog Load (8.1ms)[0m  SELECT  "blogs".* FROM "blogs"  ORDER BY "blogs"."id" ASC LIMIT 1 OFFSET 2
  [1m[36m (0.2ms)[0m  [1mbegin transaction[0m
  [1m[35mSQL (20.0ms)[0m  INSERT INTO "ownerships" ("user_id", "blog_id", "created_at", "updated_at") VALUES (?, ?, ?, ?)  [["user_id", 3], ["blog_id", 3], ["created_at", "2017-10-05 20:33:11.945611"], ["updated_at", "2017-10-05 20:33:11.945611"]]
  [1m[36m (10.6ms)[0m  [1mcommit transaction[0m
  [1m[35mBlog Load (8.4ms)[0m  SELECT  "blogs".* FROM "blogs"  ORDER BY "blogs"."id" ASC LIMIT 1 OFFSET 3
  [1m[36m (0.1ms)[0m  [1mbegin transaction[0m
  [1m[35mSQL (29.2ms)[0m  INSERT INTO "ownerships" ("user_id", "blog_id", "created_at", "updated_at") VALUES (?, ?, ?, ?)  [["user_id", 3], ["blog_id", 4], ["created_at", "2017-10-05 20:33:17.351534"], ["updated_at", "2017-10-05 20:33:17.351534"]]
  [1m[36m (12.9ms)[0m  [1mcommit transaction[0m
  [1m[35mBlog Load (9.2ms)[0m  SELECT  "blogs".* FROM "blogs"  ORDER BY "blogs"."id" ASC LIMIT 1 OFFSET 4
  [1m[36m (0.1ms)[0m  [1mbegin transaction[0m
  [1m[35mSQL (10.3ms)[0m  INSERT INTO "ownerships" ("user_id", "blog_id", "created_at", "updated_at") VALUES (?, ?, ?, ?)  [["user_id", 3], ["blog_id", 5], ["created_at", "2017-10-05 20:33:28.013970"], ["updated_at", "2017-10-05 20:33:28.013970"]]
  [1m[36m (12.2ms)[0m  [1mcommit transaction[0m
  [1m[35mBlog Load (8.0ms)[0m  SELECT "blogs".* FROM "blogs" INNER JOIN "ownerships" ON "blogs"."id" = "ownerships"."blog_id" WHERE "ownerships"."user_id" = ?  [["user_id", 3]]
  [1m[36mBlog Load (8.5ms)[0m  [1mSELECT  "blogs".* FROM "blogs" WHERE "blogs"."id" = ? LIMIT 1[0m  [["id", 6]]
  [1m[35m (0.1ms)[0m  begin transaction
  [1m[36mSQL (9.8ms)[0m  [1mINSERT INTO "ownerships" ("user_id", "blog_id", "created_at", "updated_at") VALUES (?, ?, ?, ?)[0m  [["user_id", 3], ["blog_id", 6], ["created_at", "2017-10-05 20:34:39.844608"], ["updated_at", "2017-10-05 20:34:39.844608"]]
  [1m[35m (11.1ms)[0m  commit transaction
  [1m[36mUser Load (16.5ms)[0m  [1mSELECT  "users".* FROM "users"  ORDER BY "users"."id" ASC LIMIT 1[0m
  [1m[35mBlog Load (5.1ms)[0m  SELECT  "blogs".* FROM "blogs" WHERE "blogs"."id" = ? LIMIT 1  [["id", 2]]
  [1m[36m (0.1ms)[0m  [1mbegin transaction[0m
  [1m[35mSQL (8.4ms)[0m  INSERT INTO "posts" ("user_id", "blog_id", "created_at", "updated_at") VALUES (?, ?, ?, ?)  [["user_id", 1], ["blog_id", 2], ["created_at", "2017-10-05 20:36:29.910119"], ["updated_at", "2017-10-05 20:36:29.910119"]]
  [1m[36m (8.3ms)[0m  [1mcommit transaction[0m
  [1m[35mBlog Load (10.0ms)[0m  SELECT  "blogs".* FROM "blogs"  ORDER BY "blogs"."id" ASC LIMIT 1 OFFSET 4
  [1m[36mBlog Load (2.0ms)[0m  [1mSELECT  "blogs".* FROM "blogs"  ORDER BY "blogs"."id" ASC LIMIT 1 OFFSET 4[0m
  [1m[35mUser Load (2.6ms)[0m  SELECT  "users".* FROM "users"  ORDER BY "users"."id" ASC LIMIT 1 OFFSET 1
  [1m[36m (0.1ms)[0m  [1mbegin transaction[0m
  [1m[35mSQL (10.8ms)[0m  INSERT INTO "posts" ("user_id", "blog_id", "title", "content", "created_at", "updated_at") VALUES (?, ?, ?, ?, ?, ?)  [["user_id", 2], ["blog_id", 5], ["title", "Whales are large"], ["content", "Whales are the largest living mammals. Their closest relatives on land are elephants. They even have some remnant hip bones from when their ancestors walked on land."], ["created_at", "2017-10-05 20:41:18.074223"], ["updated_at", "2017-10-05 20:41:18.074223"]]
  [1m[36m (10.0ms)[0m  [1mcommit transaction[0m
  [1m[35m (0.1ms)[0m  begin transaction
  [1m[36mSQL (17.6ms)[0m  [1mINSERT INTO "posts" ("user_id", "blog_id", "title", "content", "created_at", "updated_at") VALUES (?, ?, ?, ?, ?, ?)[0m  [["user_id", 2], ["blog_id", 5], ["title", "Whales are mammals"], ["content", "Despite living in the ocean their entire lives, whales are actually mammals: they give birth to live young and produce milk for their offspring."], ["created_at", "2017-10-05 20:43:04.824464"], ["updated_at", "2017-10-05 20:43:04.824464"]]
  [1m[35m (11.0ms)[0m  commit transaction
  [1m[36m (0.1ms)[0m  [1mbegin transaction[0m
  [1m[35mSQL (26.8ms)[0m  INSERT INTO "posts" ("user_id", "blog_id", "title", "content", "created_at", "updated_at") VALUES (?, ?, ?, ?, ?, ?)  [["user_id", 2], ["blog_id", 5], ["title", "Whales are still being hunted"], ["content", "Did you know that is still, inexplicably, legal to hunt whales in Japan? The practice is abominable and should be outlawed."], ["created_at", "2017-10-05 20:43:58.737385"], ["updated_at", "2017-10-05 20:43:58.737385"]]
  [1m[36m (17.6ms)[0m  [1mcommit transaction[0m
  [1m[35m (0.3ms)[0m  begin transaction
  [1m[36mSQL (23.4ms)[0m  [1mINSERT INTO "posts" ("user_id", "blog_id", "title", "content", "created_at", "updated_at") VALUES (?, ?, ?, ?, ?, ?)[0m  [["user_id", 2], ["blog_id", 5], ["title", "Whale blubber was used as fuel"], ["content", "In the 18th and 19th century, whale blubber was used as fuel to light gas lamps."], ["created_at", "2017-10-05 20:45:31.695993"], ["updated_at", "2017-10-05 20:45:31.695993"]]
  [1m[35m (12.7ms)[0m  commit transaction
  [1m[36mPost Load (8.5ms)[0m  [1mSELECT "posts".* FROM "posts" WHERE "posts"."user_id" = ?[0m  [["user_id", 2]]
  [1m[35mUser Load (6.3ms)[0m  SELECT  "users".* FROM "users"  ORDER BY "users"."id" ASC LIMIT 1 OFFSET 2
  [1m[36m (0.2ms)[0m  [1mbegin transaction[0m
  [1m[35mSQL (11.7ms)[0m  INSERT INTO "posts" ("user_id", "blog_id", "title", "content", "created_at", "updated_at") VALUES (?, ?, ?, ?, ?, ?)  [["user_id", 3], ["blog_id", 5], ["title", "Whales sing"], ["content", "Whales communicate with eachother using sonar waves underwater, which sounds to humans like singing, and therefore is called 'whale-song.'"], ["created_at", "2017-10-05 20:47:10.110435"], ["updated_at", "2017-10-05 20:47:10.110435"]]
  [1m[36m (11.6ms)[0m  [1mcommit transaction[0m
  [1m[35mBlog Load (10.1ms)[0m  SELECT  "blogs".* FROM "blogs"  ORDER BY "blogs"."id" ASC LIMIT 1
  [1m[36m (0.3ms)[0m  [1mbegin transaction[0m
  [1m[35mSQL (14.6ms)[0m  INSERT INTO "posts" ("user_id", "blog_id", "title", "content", "created_at", "updated_at") VALUES (?, ?, ?, ?, ?, ?)  [["user_id", 3], ["blog_id", 1], ["title", "Warrens"], ["content", "Rabbits live together in underground structures called Warrens, which they excavate piece by piece as the group grows. A warren refers to both the place where they live and the structure in which they live."], ["created_at", "2017-10-05 20:49:31.249538"], ["updated_at", "2017-10-05 20:49:31.249538"]]
  [1m[36m (10.9ms)[0m  [1mcommit transaction[0m
  [1m[35mBlog Load (8.9ms)[0m  SELECT  "blogs".* FROM "blogs"  ORDER BY "blogs"."id" ASC LIMIT 1 OFFSET 1
  [1m[36m (0.2ms)[0m  [1mbegin transaction[0m
  [1m[35mSQL (31.2ms)[0m  INSERT INTO "posts" ("user_id", "blog_id", "title", "content", "created_at", "updated_at") VALUES (?, ?, ?, ?, ?, ?)  [["user_id", 3], ["blog_id", 2], ["title", "Elephants are large"], ["content", "Elephants are the largest land mammals."], ["created_at", "2017-10-05 20:50:18.766343"], ["updated_at", "2017-10-05 20:50:18.766343"]]
  [1m[36m (12.8ms)[0m  [1mcommit transaction[0m
  [1m[35mBlog Load (10.3ms)[0m  SELECT  "blogs".* FROM "blogs"  ORDER BY "blogs"."id" ASC LIMIT 1 OFFSET 3
  [1m[36m (0.1ms)[0m  [1mbegin transaction[0m
  [1m[35mSQL (27.0ms)[0m  INSERT INTO "posts" ("user_id", "blog_id", "title", "content", "created_at", "updated_at") VALUES (?, ?, ?, ?, ?, ?)  [["user_id", 3], ["blog_id", 4], ["title", "Cats are social"], ["content", "Cats are very social animals, despite their reputation, and have been known to live in large clowders of 50 or more individuals."], ["created_at", "2017-10-05 20:51:34.364001"], ["updated_at", "2017-10-05 20:51:34.364001"]]
  [1m[36m (24.7ms)[0m  [1mcommit transaction[0m
  [1m[35m (0.2ms)[0m  begin transaction
  [1m[36mSQL (20.2ms)[0m  [1mINSERT INTO "posts" ("user_id", "blog_id", "title", "content", "created_at", "updated_at") VALUES (?, ?, ?, ?, ?, ?)[0m  [["user_id", 3], ["blog_id", 4], ["title", "Declawing is cruel"], ["content", "Declawing a cat actually involves severing nerves and amputating parts of the foot. It would be the same as several part of your fingers. The practice is cruel and should be banned."], ["created_at", "2017-10-05 20:52:43.180738"], ["updated_at", "2017-10-05 20:52:43.180738"]]
  [1m[35m (13.3ms)[0m  commit transaction
  [1m[36mBlog Load (3.9ms)[0m  [1mSELECT "blogs".* FROM "blogs"[0m
  [1m[35mPost Load (2.8ms)[0m  SELECT "posts".* FROM "posts"
  [1m[36mPost Load (2.6ms)[0m  [1mSELECT  "posts".* FROM "posts"  ORDER BY "posts"."id" ASC LIMIT 1[0m
  [1m[35mSQL (15.3ms)[0m  DELETE FROM "posts" WHERE "posts"."id" = ?  [["id", 1]]
  [1m[36mPost Load (9.6ms)[0m  [1mSELECT "posts".* FROM "posts"[0m
  [1m[35mUser Load (2.7ms)[0m  SELECT  "users".* FROM "users"  ORDER BY "users"."id" ASC LIMIT 1 OFFSET 2
  [1m[36mPost Load (2.8ms)[0m  [1mSELECT  "posts".* FROM "posts"  ORDER BY "posts"."id" ASC LIMIT 1[0m
  [1m[35m (0.1ms)[0m  begin transaction
  [1m[36mSQL (10.8ms)[0m  [1mINSERT INTO "messages" ("author", "message", "user_id", "post_id", "created_at", "updated_at") VALUES (?, ?, ?, ?, ?, ?)[0m  [["author", "Sarah Violet"], ["message", "I would love to see a real, live whale."], ["user_id", 3], ["post_id", 2], ["created_at", "2017-10-05 20:57:01.080381"], ["updated_at", "2017-10-05 20:57:01.080381"]]
  [1m[35m (11.5ms)[0m  commit transaction
  [1m[36m (0.1ms)[0m  [1mbegin transaction[0m
  [1m[35mSQL (14.3ms)[0m  INSERT INTO "messages" ("author", "message", "user_id", "post_id", "created_at", "updated_at") VALUES (?, ?, ?, ?, ?, ?)  [["author", "Sarah Violet"], ["message", "Did you know that Killer Whales are actually dolphins?"], ["user_id", 3], ["post_id", 2], ["created_at", "2017-10-05 20:57:28.702917"], ["updated_at", "2017-10-05 20:57:28.702917"]]
  [1m[36m (9.5ms)[0m  [1mcommit transaction[0m
  [1m[35mPost Load (17.5ms)[0m  SELECT  "posts".* FROM "posts"  ORDER BY "posts"."id" ASC LIMIT 1 OFFSET 1
  [1m[36m (0.3ms)[0m  [1mbegin transaction[0m
  [1m[35mSQL (30.3ms)[0m  INSERT INTO "messages" ("author", "message", "user_id", "post_id", "created_at", "updated_at") VALUES (?, ?, ?, ?, ?, ?)  [["author", "Sarah Violet"], ["message", "Did you know that whales have ear cannals that slowly fill up with wax over the course of their lives?"], ["user_id", 3], ["post_id", 3], ["created_at", "2017-10-05 20:58:20.242297"], ["updated_at", "2017-10-05 20:58:20.242297"]]
  [1m[36m (14.6ms)[0m  [1mcommit transaction[0m
  [1m[35m (0.2ms)[0m  begin transaction
  [1m[36mSQL (27.2ms)[0m  [1mINSERT INTO "messages" ("author", "message", "user_id", "post_id", "created_at", "updated_at") VALUES (?, ?, ?, ?, ?, ?)[0m  [["author", "Sarah Violet"], ["message", "Did you know whales generally never have twins, whereas sheep and goats almost always do?"], ["user_id", 3], ["post_id", 3], ["created_at", "2017-10-05 20:59:13.272297"], ["updated_at", "2017-10-05 20:59:13.272297"]]
  [1m[35m (21.0ms)[0m  commit transaction
  [1m[36mMessage Load (12.0ms)[0m  [1mSELECT "messages".* FROM "messages"[0m
  [1m[35mBlog Load (2.4ms)[0m  SELECT "blogs".* FROM "blogs"
  [1m[36mPost Load (3.4ms)[0m  [1mSELECT "posts".* FROM "posts"[0m
  [1m[35mUser Load (3.0ms)[0m  SELECT "users".* FROM "users"
  [1m[36mFriendship Load (3.2ms)[0m  [1mSELECT "friendships".* FROM "friendships"[0m
  [1m[35mOwnership Load (9.0ms)[0m  SELECT "ownerships".* FROM "ownerships"
